<?xml version="1.0" encoding="UTF-8"?>
<!-- Generated by org.testng.reporters.JUnitReportReporter -->
<testsuite hostname="Pratham" failures="1" tests="3" name="CucumberOptions.TestNgTestRunner" time="104.017" errors="0" timestamp="2025-12-03T20:26:10 IST" skipped="0">
  <testcase classname="CucumberOptions.TestNgTestRunner" name="runScenario" time="33.577"/>
  <testcase classname="CucumberOptions.TestNgTestRunner" name="runScenario" time="37.842">
    <failure message="expected [No data] but found [Beetroot]" type="java.lang.AssertionError">
      <![CDATA[java.lang.AssertionError: expected [No data] but found [Beetroot]
at org.testng.Assert.fail(Assert.java:111)
at org.testng.Assert.failNotEquals(Assert.java:1590)
at org.testng.Assert.assertEqualsImpl(Assert.java:150)
at org.testng.Assert.assertEquals(Assert.java:132)
at org.testng.Assert.assertEquals(Assert.java:656)
at org.testng.Assert.assertEquals(Assert.java:666)
at StepDefinations.offerPageStepdefination.validate_product_name_in_offers_page_matched_with_landing_page(offerPageStepdefination.java:44)
at ✽.validate product name in offers page matched with landing page(file:///C:/Users/prath/SeleniumAutomation/Automation%20Practicals/BDDCucumberFrameWork/src/test/java/Features/searchproduct.feature:7)
]]>
    </failure>
  </testcase> <!-- runScenario -->
  <testcase classname="CucumberOptions.TestNgTestRunner" name="runScenario" time="32.598"/>
</testsuite> <!-- CucumberOptions.TestNgTestRunner -->
